<?xml version="1.0" encoding="UTF-8"?>
<!-- Generated by org.testng.reporters.JUnitXMLReporter -->
<testsuite hostname="DESKTOP-UTV866C" ignored="0" name="Default test(failed)" tests="1" failures="0" timestamp="2022-05-28T17:33:29 IST" time="0.098" errors="0">
  <testcase name="@BeforeMethod setUpMethod" time="-1.65373940953E9" classname="com.SauceDemo.TestClasses.TestBaseClass">
    <failure type="org.testng.TestNGException" message="
Parameter &amp;apos;browserName&amp;apos; is required by BeforeMethod on method setUpMethod but has not been marked @Optional or defined
in C:\Users\Tushar\eclipse-workspace\ASeleniumPractise\test-output\testng-failed.xml">
      <![CDATA[org.testng.TestNGException: 
Parameter 'browserName' is required by BeforeMethod on method setUpMethod but has not been marked @Optional or defined
in C:\Users\Tushar\eclipse-workspace\ASeleniumPractise\test-output\testng-failed.xml
at java.util.ArrayList.forEach(Unknown Source)
... Removed 28 stack frames]]>
    </failure>
  </testcase> <!-- @BeforeMethod setUpMethod -->
  <testcase name="@AfterMethod tearDown" time="-1.653739409558E9" classname="com.SauceDemo.TestClasses.TestBaseClass">
    <skipped/>
  </testcase> <!-- @AfterMethod tearDown -->
  <testcase name="checkProductIsSelected" time="0.001" classname="com.SauceDemo.TestClasses.TC02CheckProductIsSelectOrNot">
    <skipped/>
  </testcase> <!-- checkProductIsSelected -->
</testsuite> <!-- Default test(failed) -->
